0 info it worked if it ends with ok
1 verbose cli [ 'C:\\Program Files\\nodejs\\node.exe',
1 verbose cli   'C:\\Program Files\\nodejs\\node_modules\\npm\\bin\\npm-cli.js',
1 verbose cli   'run',
1 verbose cli   'start' ]
2 info using npm@3.10.10
3 info using node@v6.16.0
4 verbose run-script [ 'prestart', 'start', 'poststart' ]
5 info lifecycle expenses-tracker-backend@1.0.0~prestart: expenses-tracker-backend@1.0.0
6 silly lifecycle expenses-tracker-backend@1.0.0~prestart: no script for prestart, continuing
7 info lifecycle expenses-tracker-backend@1.0.0~start: expenses-tracker-backend@1.0.0
8 verbose lifecycle expenses-tracker-backend@1.0.0~start: unsafe-perm in lifecycle true
9 verbose lifecycle expenses-tracker-backend@1.0.0~start: PATH: C:\Users\Freddy\AppData\Roaming\nvm\v6.16.0\node_modules\npm\bin\node-gyp-bin;C:\Users\Freddy\Development\www\expenses-tracker\backend\node_modules\.bin;C:\Program Files (x86)\NVIDIA Corporation\PhysX\Common;C:\Program Files (x86)\Razer Chroma SDK\bin;C:\Program Files\Razer Chroma SDK\bin;C:\Program Files (x86)\Common Files\Oracle\Java\javapath;C:\ProgramData\Oracle\Java\javapath;C:\Program Files (x86)\Intel\iCLS Client\;C:\Program Files\Intel\iCLS Client\;C:\WINDOWS\system32;C:\WINDOWS;C:\WINDOWS\System32\Wbem;C:\WINDOWS\System32\WindowsPowerShell\v1.0\;C:\Program Files (x86)\Intel\Intel(R) Management Engine Components\DAL;C:\Program Files\Intel\Intel(R) Management Engine Components\DAL;C:\Program Files (x86)\Intel\Intel(R) Management Engine Components\IPT;C:\Program Files\Intel\Intel(R) Management Engine Components\IPT;C:\WINDOWS\System32\OpenSSH\;C:\WINDOWS\system32\config\systemprofile\AppData\Local\Microsoft\WindowsApps;C:\Program Files (x86)\Windows Kits\8.1\Windows Performance Toolkit\;C:\WINDOWS\system32;C:\WINDOWS;C:\WINDOWS\System32\Wbem;C:\WINDOWS\System32\WindowsPowerShell\v1.0\;C:\WINDOWS\System32\OpenSSH\;C:\Program Files\OpenJDK\openjdk-11.0.13_8\bin;C:\Program Files\PuTTY\;C:\ProgramData\chocolatey\bin;C:\Program Files\Git\cmd;C:\Program Files\apache-maven-3.8.5\bin;C:\Users\Freddy\AppData\Roaming\nvm;C:\Program Files\nodejs;C:\Program Files\MySQL\MySQL Shell 8.0\bin\;C:\Users\Freddy\AppData\Local\Programs\Python\Python310\Scripts\;C:\Users\Freddy\AppData\Local\Programs\Python\Python310\;C:\Users\Freddy\AppData\Local\Microsoft\WindowsApps;C:\Program Files\JetBrains\PyCharm Community Edition 2019.1\bin;C:\Users\Freddy\AppData\Local\GitHubDesktop\bin;C:\Users\Freddy\AppData\Local\Programs\Microsoft VS Code\bin;C:\Users\Freddy\AppData\Local\Microsoft\WindowsApps;C:\Program Files\heroku\bin;C:\Users\Freddy\AppData\Roaming\npm;C:\Users\Freddy\AppData\Local\Android\Sdk\platform-tools;C:\Users\Freddy\AppData\Roaming\nvm;C:\Program Files\nodejs
10 verbose lifecycle expenses-tracker-backend@1.0.0~start: CWD: C:\Users\Freddy\Development\www\expenses-tracker\backend
11 silly lifecycle expenses-tracker-backend@1.0.0~start: Args: [ '/d /s /c', 'node dist/app.js' ]
12 silly lifecycle expenses-tracker-backend@1.0.0~start: Returned: code: 1  signal: null
13 info lifecycle expenses-tracker-backend@1.0.0~start: Failed to exec start script
14 verbose stack Error: expenses-tracker-backend@1.0.0 start: `node dist/app.js`
14 verbose stack Exit status 1
14 verbose stack     at EventEmitter.<anonymous> (C:\Users\Freddy\AppData\Roaming\nvm\v6.16.0\node_modules\npm\lib\utils\lifecycle.js:255:16)
14 verbose stack     at emitTwo (events.js:106:13)
14 verbose stack     at EventEmitter.emit (events.js:191:7)
14 verbose stack     at ChildProcess.<anonymous> (C:\Users\Freddy\AppData\Roaming\nvm\v6.16.0\node_modules\npm\lib\utils\spawn.js:40:14)
14 verbose stack     at emitTwo (events.js:106:13)
14 verbose stack     at ChildProcess.emit (events.js:191:7)
14 verbose stack     at maybeClose (internal/child_process.js:920:16)
14 verbose stack     at Process.ChildProcess._handle.onexit (internal/child_process.js:230:5)
15 verbose pkgid expenses-tracker-backend@1.0.0
16 verbose cwd C:\Users\Freddy\Development\www\expenses-tracker\backend
17 error Windows_NT 10.0.19044
18 error argv "C:\\Program Files\\nodejs\\node.exe" "C:\\Program Files\\nodejs\\node_modules\\npm\\bin\\npm-cli.js" "run" "start"
19 error node v6.16.0
20 error npm  v3.10.10
21 error code ELIFECYCLE
22 error expenses-tracker-backend@1.0.0 start: `node dist/app.js`
22 error Exit status 1
23 error Failed at the expenses-tracker-backend@1.0.0 start script 'node dist/app.js'.
23 error Make sure you have the latest version of node.js and npm installed.
23 error If you do, this is most likely a problem with the expenses-tracker-backend package,
23 error not with npm itself.
23 error Tell the author that this fails on your system:
23 error     node dist/app.js
23 error You can get information on how to open an issue for this project with:
23 error     npm bugs expenses-tracker-backend
23 error Or if that isn't available, you can get their info via:
23 error     npm owner ls expenses-tracker-backend
23 error There is likely additional logging output above.
24 verbose exit [ 1, true ]
